MATLAB is selecting SOFTWARE OPENGL rendering.

                            < M A T L A B (R) >
                  Copyright 1984-2018 The MathWorks, Inc.
                   R2018a (9.4.0.813654) 64-bit (glnxa64)
                             February 23, 2018

 
To get started, type one of these: helpwin, helpdesk, or demo.
For product information, visit www.mathworks.com.
 
Starting parallel pool (parpool) using the 'local' profile ...
connected to 24 workers.

ans = 

 Pool with properties: 

            Connected: true
           NumWorkers: 24
              Cluster: local
        AttachedFiles: {}
    AutoAddClientPath: true
          IdleTimeout: 30 minutes (30 minutes remaining)
          SpmdEnabled: true


ans =

        3985


ans =

        2100


ans =

        2300


ans =

        3157


ans =

        3364


ans =

        3571


ans =

        2500


ans =

        2900


ans =

        3778


ans =

        4192


ans =

        4813


ans =

        2700


ans =

        4399


ans =

        5224


ans =

        4606


ans =

        5020


ans =

        5419


ans =

        5606


ans =

        5785


ans =

        5957


ans =

        6122


ans =

        6146


ans =

        5605


ans =

        5223


ans =

        5418


ans =

        2899


ans =

        4398


ans =

        3984


ans =

        5019


ans =

        3777


ans =

        3570


ans =

        4605


ans =

        3156


ans =

        4812


ans =

        4191


ans =

        3363


ans =

        2699


ans =

        2499


ans =

        2099


ans =

        2299


ans =

        5604


ans =

        5417


ans =

        5222


ans =

        5018


ans =

        2898


ans =

        4397


ans =

        3776


ans =

        3983


ans =

        3569


ans =

        4811


ans =

        4604


ans =

        4190


ans =

        3155


ans =

        3362


ans =

        5603


ans =

        2698


ans =

        2498


ans =

        5416


ans =

        5221


ans =

        5017


ans =

        2098


ans =

        4396


ans =

        2298


ans =

        3775


ans =

        2897


ans =

        3982


ans =

        4810


ans =

        3568


ans =

        4603


ans =

        3154


ans =

        4189


ans =

        5602


ans =

        3361


ans =

        5415


ans =

        2697


ans =

        5220


ans =

        5016


ans =

        4395


ans =

        2497


ans =

        3774


ans =

        2896


ans =

        3981


ans =

        5601


ans =

        4809


ans =

        3567


ans =

        4602


ans =

        3153


ans =

        4188


ans =

        2097


ans =

        2297


ans =

        3360


ans =

        5414


ans =

        5219


ans =

        5015


ans =

        2696


ans =

        4394


ans =

        5600


ans =

        3773


ans =

        2895


ans =

        3980


ans =

        4601


ans =

        4808


ans =

        3566


ans =

        2496


ans =

        4187


ans =

        3152


ans =

        5413


ans =

        3359


ans =

        5218


ans =

        5014


ans =

        2096


ans =

        2296


ans =

        5599


ans =

        3772


ans =

        4393


ans =

        2695


ans =

        3979


ans =

        2894


ans =

        4600


ans =

        3565


ans =

        4186


ans =

        4807


ans =

        5412


ans =

        3151


ans =

        2495


ans =

        5217


ans =

        3358


ans =

        5013


ans =

        5598


ans =

        3771


ans =

        4392


ans =

        2893


ans =

        3978


ans =

        4599


ans =

        4185


ans =

        4806


ans =

        2694


ans =

        5411


ans =

        2295


ans =

        3564


ans =

        2095


ans =

        5216


ans =

        3150


ans =

        3357


ans =

        5012


ans =

        5597


ans =

        2494


ans =

        3770


ans =

        4391


ans =

        3977


ans =

        2892


ans =

        4184


ans =

        4598


ans =

        5410


ans =

        4805


ans =

        3563


ans =

        5215


ans =

        2693


ans =

        5011


ans =

        3149


ans =

        3356


ans =

        5596


ans =

        2294


ans =

        2094


ans =

        3769


ans =

        4390


ans =

        3976


ans =

        2891


ans =

        4597


ans =

        5409


ans =

        2493


ans =

        4183


ans =

        5214


ans =

        4804


ans =

        3562


ans =

        5010


ans =

        5595


ans =

        3355


ans =

        2692


ans =

        3148


ans =

        3768


ans =

        4389


ans =

        3975


ans =

        5408


ans =

        4182


ans =

        5213


ans =

        4596


ans =

        2890


ans =

        2293


ans =

        2093


ans =

        4803


ans =

        3561


ans =

        2492


ans =

        5009


ans =

        5594


ans =

        3354


ans =

        3147


ans =

        3767


ans =

        2691


ans =

        4388


ans =

        5407


ans =

        4181


ans =

        3974


ans =

        5212


ans =

        4595


ans =

        2889


ans =

        4802


ans =

        3560


ans =

        5008


ans =

        5593


ans =

        2491


ans =

        2292


ans =

        5406


ans =

        2092


ans =

        3766


ans =

        4387


ans =

        3353


ans =

        4180


ans =

        3146


ans =

        5211


ans =

        3973


ans =

        2690


ans =

        2888


ans =

        4594


ans =

        4801


ans =

        5592


ans =

        5007


ans =

        3559


ans =

        5405


ans =

        3765


ans =

        5210


ans =

        4179


ans =

        4386


ans =

        3972


ans =

        3145


ans =

        3352


ans =

        2490


ans =

        2291


ans =

        2887


ans =

        2091


ans =

        2689


ans =

        4593


ans =

        5591


ans =

        4800


ans =

        5006


ans =

        5404


ans =

        3558


ans =

        5209


ans =

        4178


ans =

        3764


ans =

        4385


ans =

        3971


ans =

        3144


ans =

        3351


ans =

        2886


ans =

        5590


ans =

        2489


ans =

        4592


ans =

        4799


ans =

        5403


ans =

        2688


ans =

        5005


ans =

        3557


ans =

        5208


ans =

        2290


ans =

        4177


ans =

        2090


ans =

        3763


ans =

        4384


ans =

        3970


ans =

        3143


ans =

        3350


ans =

        5589


ans =

        2885


ans =

        5402


ans =

        5004


ans =

        4798


ans =

        4591


ans =

        5207


ans =

        2488


ans =

        4176


ans =

        3556


ans =

        2687


ans =

        3762


ans =

        4383


ans =

        3969


ans =

        2289


ans =

        5588


ans =

        5401


ans =

        3142


ans =

        2089


ans =

        3349


ans =

        2884


ans =

        5206


ans =

        4797


ans =

        5003


ans =

        4590


ans =

        4175


ans =

        3555


ans =

        2686


ans =

        2487


ans =

        3761


ans =

        4382


ans =

        5400


ans =

        3968


ans =

        5587


ans =

        3141


ans =

        5205


ans =

        2883


ans =

        5002


ans =

        4796


ans =

        3348


ans =

        4174


ans =

        4589


ans =

        2288


ans =

        3554


ans =

        2088


ans =

        5399


ans =

        3760


ans =

        4381


ans =

        5586


ans =

        3967


ans =

        2685


ans =

        5204


ans =

        2486


ans =

        3140


ans =

        2882


ans =

        4795


ans =

        5001


ans =

        4173


ans =

        3347


ans =

        4588


ans =

        5398


ans =

        3553


ans =

        5585


ans =

        5203


ans =

        3759


ans =

        4380


ans =

        3966


ans =

        2287


ans =

        2087


ans =

        2684


ans =

        2881


ans =

        4794


ans =

        3139


ans =

        4172


ans =

        5000


ans =

        2485


ans =

        5397


ans =

        4587


ans =

        3346


ans =

        3552


ans =

        5584


ans =

        5202


ans =

        4379


ans =

        3758


ans =

        3965


ans =

        5396


ans =

        2880


ans =

        4171


ans =

        4793


ans =

        3138


ans =

        2683


ans =

        4999


ans =

        2286


ans =

        4586


ans =

        2086


ans =

        3345


ans =

        2484


ans =

        3551


ans =

        5201


ans =

        5583


ans =

        3757


ans =

        4378


ans =

        5395


ans =

        3964


ans =

        4170


ans =

        4792


ans =

        2879


ans =

        3137


ans =

        4998


ans =

        2682


ans =

        4585


ans =

        5200


ans =

        5582


ans =

        3550


ans =

        3344


ans =

        2285


ans =

        5394


ans =

        2483


ans =

        2085


ans =

        3756


ans =

        4377


ans =

        4169


ans =

        4791


ans =

        3963


ans =

        2878


ans =

        4997


ans =

        3136


ans =

        5199


ans =

        4584


ans =

        5581


ans =

        2681


ans =

        5393


ans =

        3549


ans =

        3343


ans =

        4168


ans =

        3755


ans =

        4376


ans =

        4790


ans =

        3962


ans =

        2877


ans =

        2284


ans =

        4996


ans =

        2482


ans =

        5198


ans =

        3135


ans =

        2084


ans =

        5580


ans =

        4583


ans =

        5392


ans =

        3548


ans =

        2680


ans =

        4167


ans =

        3342


ans =

        4375


ans =

        3754


ans =

        4789


ans =

        5197


ans =

        4995


ans =

        2876


ans =

        3961


ans =

        5391


ans =

        5579


ans =

        3134


ans =

        2481


ans =

        4582


ans =

        2283


ans =

        3547


ans =

        4166


ans =

        2083


ans =

        2679


ans =

        5196


ans =

        4994


ans =

        3341


ans =

        4788


ans =

        4374


ans =

        2875


ans =

        3753


ans =

        3960


ans =

        5390


ans =

        5578


ans =

        3133


ans =

        4581


ans =

        3546


ans =

        5195


ans =

        4165


ans =

        2480


ans =

        5389


ans =

        4993


ans =

        2678


ans =

        4787


ans =

        5577


ans =

        2874


ans =

        2282


ans =

        4373


ans =

        3959


ans =

        3340


ans =

        3752


ans =

        2082


ans =

        3132


ans =

        5194


ans =

        4580


ans =

        4164


ans =

        3545


ans =

        5388


ans =

        5576


ans =

        4992


ans =

        2873


ans =

        4786


ans =

        3958


ans =

        4372


ans =

        2677


ans =

        2479


ans =

        3751


ans =

        3339


ans =

        2281


ans =

        5193


ans =

        3131


ans =

        4163


ans =

        5387


ans =

        4579


ans =

        2081


ans =

        5575


ans =

        3544


ans =

        4991


ans =

        2872


ans =

        4785


ans =

        3957


ans =

        4371


ans =

        3750


ans =

        2676


ans =

        3338


ans =

        5192


ans =

        2478


ans =

        4162


ans =

        5386


ans =

        5574


ans =

        3130


ans =

        4578


ans =

        4990


ans =

        3543


ans =

        2871


ans =

        2280


ans =

        3956


ans =

        4784


ans =

        4370


ans =

        2080


ans =

        3749


ans =

        5191


ans =

        3337


ans =

        2675


ans =

        4161


ans =

        5385


ans =

        5573


ans =

        2477


ans =

        4989


ans =

        3129


ans =

        4577


ans =

        2870


ans =

        3542


ans =

        3955


ans =

        4783


ans =

        5190


ans =

        4369


ans =

        3748


ans =

        4160


ans =

        5384


ans =

        5572


ans =

        2279


ans =

        3336


ans =

        2674


ans =

        2079


ans =

        4988


ans =

        3128


ans =

        2869


ans =

        4576


ans =

        3541


ans =

        2476


ans =

        5189


ans =

        3954


ans =

        4782


ans =

        4368


ans =

        5383


ans =

        3747


ans =

        4159


ans =

        5571


ans =

        4987


ans =

        3335


ans =

        2673


ans =

        3127


ans =

        2868


ans =

        2278


ans =

        5188


ans =

        3540


ans =

        3953


ans =

        4575


ans =

        2078


ans =

        5382


ans =

        4367


ans =

        4158


ans =

        4781


ans =

        5570


ans =

        2475


ans =

        3746


ans =

        4986


ans =

        3334


ans =

        5187


ans =

        2867


ans =

        3126


ans =

        2672


ans =

        5381


ans =

        3952


ans =

        3539


ans =

        4574


ans =

        4366


ans =

        4157


ans =

        5569


ans =

        2277


ans =

        4780


ans =

        3745


ans =

        2077


ans =

        4985


ans =

        2474


ans =

        5186


ans =

        3333


ans =

        2866


ans =

        3125


ans =

        5380


ans =

        3951


ans =

        5568


ans =

        3538


ans =

        2671


ans =

        4156


ans =

        4365


ans =

        4573


ans =

        4779


ans =

        4984


ans =

        3744


ans =

        5185


ans =

        5379


ans =

        2276


ans =

        2865


ans =

        3124


ans =

        2076


ans =

        2473


ans =

        3332


ans =

        3950


ans =

        5567


ans =

        4155


ans =

        4364


ans =

        3537


ans =

        4983


ans =

        2670


ans =

        4572


ans =

        4778


ans =

        5184


ans =

        3743


ans =

        5378


ans =

        2864


ans =

        5566


ans =

        4154


ans =

        3949


ans =

        3123


ans =

        3331


ans =

        4363


ans =

        4982


ans =

        3536


ans =

        2472


ans =

        2275


ans =

        5183


ans =

        2075


ans =

        2669


ans =

        3742


ans =

        4571


ans =

        4777


ans =

        5377


ans =

        4153


ans =

        5565


ans =

        3948


ans =

        2863


ans =

        3122


ans =

        4981


ans =

        3330


ans =

        4362


ans =

        5182


ans =

        3535


ans =

        5376


ans =

        4776


ans =

        3741


ans =

        4570


ans =

        2471


ans =

        2668


ans =

        5564


ans =

        4152


ans =

        2274


ans =

        3947


ans =

        2074


ans =

        2862


ans =

        4980


ans =

        3121


ans =

        5181


ans =

        5375


ans =

        4361


ans =

        3329


ans =

        3534


ans =

        4775


ans =

        3740


ans =

        5563


ans =

        4569


ans =

        4151


ans =

        2667


ans =

        3946


ans =

        2470


ans =

        4979


ans =

        2861


ans =

        5180


ans =

        5374


ans =

        3120


ans =

        2273


ans =

        4360


ans =

        2073


ans =

        5562


ans =

        3533


ans =

        3328


ans =

        4774


ans =

        3739


ans =

        4150


ans =

        4568


ans =

        4978


ans =

        2666


ans =

        3945


ans =

        5373


ans =

        5179


ans =

        2860


ans =

        3119


ans =

        2469


ans =

        4359


ans =

        5561


ans =

        4773


ans =

        3532


ans =

        3738


ans =

        4149


ans =

        3327


ans =

        2272


ans =

        5372


ans =

        4977


ans =

        4567


ans =

        2072


ans =

        3944


ans =

        5178


ans =

        2859


ans =

        2665


ans =

        3118


ans =

        5560


ans =

        4358


ans =

        4772


ans =

        4148


ans =

        3737


ans =

        3531


ans =

        2468


ans =

        5371


ans =

        4976


ans =

        3326


ans =

        5177


ans =

        3943


ans =

        4566


ans =

        2858


ans =

        2271


ans =

        2664


ans =

        5559


ans =

        3117


ans =

        4357


ans =

        4147


ans =

        5370


ans =

        2071


ans =

        4771


ans =

        3736


ans =

        3530


ans =

        4975


ans =

        5176


ans =

        3325


ans =

        2467


ans =

        3942


ans =

        2857


ans =

        4565


ans =

        5558


ans =

        5369


ans =

        4146


ans =

        2663


ans =

        3116


ans =

        4356


ans =

        3735


ans =

        4770


ans =

        2270


ans =

        4974


ans =

        3529


ans =

        5175


ans =

        3941


ans =

        3324


ans =

        2856


ans =

        5557


ans =

        2070


ans =

        5368


ans =

        4564


ans =

        4145


ans =

        2466


ans =

        4355


ans =

        3115


ans =

        3734


ans =

        4973


ans =

        2662


ans =

        5174


ans =

        4769


ans =

        3528


ans =

        3940


ans =

        5367


ans =

        5556


ans =

        2855


ans =

        2269


ans =

        3323


ans =

        4144


ans =

        4563


ans =

        4354


ans =

        5173


ans =

        4972


ans =

        3733


ans =

        3114


ans =

        2465


ans =

        4768


ans =

        2069


ans =

        2661


ans =

        3527


ans =

        5366


ans =

        5555


ans =

        3939


ans =

        4143


ans =

        2854


ans =

        3322


ans =

        4562


ans =

        5172


ans =

        4971


ans =

        4353


ans =

        3732


ans =

        2268


ans =

        3113


ans =

        4767


ans =

        5365


ans =

        5554


ans =

        3938


ans =

        3526


ans =

        2464


ans =

        2660


ans =

        4142


ans =

        2853


ans =

        3321


ans =

        5171


ans =

        2068


ans =

        4561


ans =

        4970


ans =

        3731


ans =

        4352


ans =

        5364


ans =

        5553


ans =

        3112


ans =

        4766


ans =

        3937


ans =

        3525


ans =

        4141


ans =

        2267


ans =

        2852


ans =

        2659


ans =

        2463


ans =

        5170


ans =

        4969


ans =

        3320


ans =

        3730


ans =

        4560


ans =

        4351


ans =

        5552


ans =

        5363


ans =

        4765


ans =

        3936


ans =

        3111


ans =

        4140


ans =

        2067


ans =

        3524


ans =

        5169


ans =

        4968


ans =

        2851


ans =

        2658


ans =

        2266


ans =

        3729


ans =

        3319


ans =

        5551


ans =

        5362


ans =

        2462


ans =

        4350


ans =

        4559


ans =

        3935


ans =

        4764


ans =

        4139


ans =

        3110


ans =

        3523


ans =

        5168


ans =

        4967


ans =

        2850


ans =

        5550


ans =

        5361


ans =

        3728


ans =

        2066


ans =

        3318


ans =

        2657


ans =

        4349


ans =

        3934


ans =

        4558


ans =

        4138


ans =

        2461


ans =

        4763


ans =

        2265


ans =

        3522


ans =

        3109


ans =

        5167


ans =

        4966


ans =

        5549


ans =

        5360


ans =

        2849


ans =

        3727


ans =

        3317


ans =

        4348


ans =

        2656


ans =

        3933


ans =

        4137


ans =

        5166


ans =

        4762


ans =

        4557


ans =

        3521


ans =

        4965


ans =

        5548


ans =

        3108


ans =

        2065


ans =

        2460


ans =

        5359


ans =

        2264


ans =

        2848


ans =

        3726


ans =

        3932


ans =

        4347


ans =

        5165


ans =

        4136


ans =

        3316


ans =

        2655


ans =

        4761


ans =

        5547


ans =

        4964


ans =

        4556


ans =

        3520


ans =

        5358


ans =

        3107


ans =

        2459


ans =

        2847


ans =

        3725


ans =

        5164


ans =

        2064


ans =

        3931


ans =

        4135


ans =

        4346


ans =

        2263


ans =

        5546


ans =

        3315


ans =

        4760


ans =

        5357


ans =

        2654


ans =

        4963


ans =

        3519


ans =

        4555


ans =

        3106


ans =

        2846


ans =

        3724


ans =

        5163


ans =

        4134


ans =

        2458


ans =

        3930


ans =

        4345


ans =

        5545


ans =

        4759


ans =

        5356


ans =

        3314


ans =

        4962


ans =

        2653


ans =

        3518


ans =

        2063


ans =

        2262


ans =

        4554


ans =

        3105


ans =

        5162


ans =

        2845


ans =

        3723


ans =

        4133


ans =

        5544


ans =

        4344


ans =

        3929


ans =

        4758


ans =

        5355


ans =

        4961


ans =

        2457


ans =

        3313


ans =

        3517


ans =

        2652


ans =

        5161


ans =

        4553


ans =

        3104


ans =

        4132


ans =

        5543


ans =

        2844


ans =

        3722


ans =

        4343


ans =

        2261


ans =

        3928


ans =

        5354


ans =

        2062


ans =

        4757


ans =

        4960


ans =

        3312


ans =

        2456


ans =

        3516


ans =

        5160


ans =

        5542


ans =

        2651


ans =

        4131


ans =

        3103


ans =

        4552


ans =

        4342


ans =

        3721


ans =

        2843


ans =

        3927


ans =

        5353


ans =

        4756


ans =

        4959


ans =

        2260


ans =

        5541


ans =

        5159


ans =

        3311


ans =

        3515


ans =

        4130


ans =

        2061


ans =

        2455


ans =

        4341


ans =

        2650


ans =

        3102


ans =

        5352


ans =

        4551


ans =

        3720


ans =

        3926


ans =

        2842


ans =

        4958


ans =

        4755


ans =

        5540


ans =

        5158


ans =

        4129


ans =

        3514


ans =

        3310


ans =

        4340


ans =

        5351


ans =

        2259


ans =

        3101


ans =

        3925


ans =

        3719


ans =

        2649


ans =

        4957


ans =

        4550


ans =

        2841


ans =

        2454


ans =

        4754


ans =

        2060


ans =

        5539


ans =

        5157


ans =

        4128


ans =

        3513


ans =

        5350


ans =

        4339


ans =

        3309


ans =

        3924


ans =

        3100


ans =

        4956


ans =

        3718


ans =

        4549


ans =

        4753


ans =

        2840


ans =

        5538


ans =

        2648


ans =

        2258


ans =

        5156


ans =

        2453


ans =

        4127


ans =

        5349


ans =

        3512


ans =

        4338


ans =

        2059


ans =

        3099


ans =

        3923


ans =

        4955


ans =

        3308


ans =

        5537


ans =

        3717


ans =

        4752


ans =

        5155


ans =

        4548


ans =

        2839


ans =

        2647


ans =

        4126


ans =

        5348


ans =

        2257


ans =

        2452


ans =

        4337


ans =

        5536


ans =

        4954


ans =

        3511


ans =

        3098


ans =

        3922


ans =

        3716


ans =

        3307


ans =

        5154


ans =

        4751


ans =

        4125


ans =

        5347


ans =

        4547


ans =

        2838


ans =

        2058


ans =

        2646


ans =

        5535


ans =

        4953


ans =

        4336


ans =

        3097


ans =

        3510


ans =

        3921


ans =

        3715


ans =

        5153


ans =

        2451


ans =

        2256


ans =

        5346


ans =

        3306


ans =

        4124


ans =

        4750


ans =

        4546


ans =

        2837


ans =

        5534


ans =

        4952


ans =

        2645


ans =

        3096


ans =

        4335


ans =

        3920


ans =

        3509


ans =

        5152


ans =

        2057


ans =

        5345


ans =

        3714


ans =

        4123


ans =

        4749


ans =

        5533


ans =

        3305


ans =

        4545


ans =

        2450


ans =

        2836


ans =

        2255


ans =

        4951


ans =

        3095


ans =

        4334


ans =

        5151


ans =

        3919


ans =

        5344


ans =

        2644


ans =

        3508


ans =

        4122


ans =

        3713


ans =

        5532


ans =

        4748


ans =

        4544


ans =

        3304


ans =

        2056


ans =

        2835


ans =

        4950


ans =

        3094


ans =

        2449


ans =

        5150


ans =

        5343


ans =

        4333


ans =

        3918


ans =

        2254


ans =

        4121


ans =

        5531


ans =

        3507


ans =

        3712


ans =

        2643


ans =

        4747


ans =

        4543


ans =

        5342


ans =

        5149


ans =

        4949


ans =

        3093


ans =

        3303


ans =

        2834


ans =

        4332


ans =

        5530


ans =

        4120


ans =

        3917


ans =

        2448


ans =

        3506


ans =

        2055


ans =

        3711


ans =

        2642


ans =

        4746


ans =

        2253


ans =

        5341


ans =

        5148


ans =

        3092


ans =

        4542


ans =

        4948


ans =

        3302


ans =

        4331


ans =

        2833


ans =

        5529


ans =

        4119


ans =

        3916


ans =

        3505


ans =

        3710


ans =

        5340


ans =

        2447


ans =

        5147


ans =

        4745


ans =

        3091


ans =

        2641


ans =

        4947


ans =

        4541


ans =

        2054


ans =

        4330


ans =

        5528


ans =

        4118


ans =

        3915


ans =

        3301


ans =

        2832


ans =

        2252


ans =

        5339


ans =

        3504


ans =

        5146


ans =

        3709


ans =

        4744


ans =

        3090


ans =

        4946


ans =

        2446


ans =

        5527


ans =

        4540


ans =

        4329


ans =

        4117


ans =

        2640


ans =

        3914


ans =

        3300


ans =

        2831


ans =

        5145


ans =

        5338


ans =

        3503


ans =

        2053


ans =

        3708


ans =

        3089


ans =

        4743


ans =

        2251


ans =

        4945


ans =

        5526


ans =

        4116


ans =

        4328


ans =

        4539


ans =

        3913


ans =

        5144


ans =

        2639


ans =

        2445


ans =

        3299


ans =

        5337


ans =

        2830


ans =

        3502


ans =

        3707


ans =

        3088


ans =

        4944


ans =

        4742


ans =

        5525


ans =

        4115


ans =

        4327


ans =

        4538


ans =

        5143


ans =

        3912


ans =

        2052


ans =

        5336


ans =

        3298


ans =

        2250


ans =

        2638


ans =

        2444


ans =

        2829


ans =

        3087


ans =

        3706


ans =

        3501


ans =

        5524


ans =

        4943


ans =

        4741


ans =

        4114


ans =

        4326


ans =

        5142


ans =

        5335


ans =

        3911


ans =

        4537


ans =

        3297


ans =

        3086


ans =

        5523


ans =

        4942


ans =

        2828


ans =

        3705


ans =

        2637


ans =

        3500


ans =

        2051


ans =

        2249


ans =

        2443


ans =

        4740


ans =

        4113


ans =

        5141


ans =

        4325


ans =

        5334


ans =

        3910


ans =

        4536


ans =

        3296


ans =

        3085


ans =

        5522


ans =

        4941


ans =

        3704


ans =

        3499


ans =

        5140


ans =

        2827


ans =

        4112


ans =

        4739


ans =

        2636


ans =

        5333


ans =

        4324


ans =

        3909


ans =

        2442


ans =

        2248


ans =

        3295


ans =

        4535


ans =

        2050


ans =

        5521


ans =

        3084


ans =

        4940


ans =

        5139


ans =

        3498


ans =

        3703


ans =

        4111


ans =

        4738


ans =

        2826


ans =

        5332


ans =

        3908


ans =

        4323


ans =

        2635


ans =

        3294


ans =

        5520


ans =

        4534


ans =

        3083


ans =

        2441


ans =

        5138


ans =

        4939


ans =

        2247


ans =

        3497


ans =

        5331


ans =

        3702


ans =

        3907


ans =

        4110


ans =

        4737


ans =

        2049


ans =

        2825


ans =

        4322


ans =

        3293


ans =

        5519


ans =

        3082


ans =

        5137


ans =

        2634


ans =

        4533


ans =

        4938


ans =

        5330


ans =

        2440


ans =

        3906


ans =

        3496


ans =

        3701


ans =

        4109


ans =

        4736


ans =

        4321


ans =

        5518


ans =

        3292


ans =

        2824


ans =

        2246


ans =

        5136


ans =

        3081


ans =

        5329


ans =

        4532


ans =

        4937


ans =

        2633


ans =

        2048


ans =

        3495


ans =

        3905


ans =

        3700


ans =

        4108


ans =

        4735


ans =

        5517


ans =

        5135


ans =

        2439


ans =

        3291


ans =

        4320


ans =

        3080


ans =

        2823


ans =

        5328


ans =

        4936


ans =

        4531


ans =

        2245


ans =

        3494


ans =

        3904


ans =

        2632


ans =

        4734


ans =

        5134


ans =

        5516


ans =

        3699


ans =

        4107


ans =

        4319


ans =

        3290


ans =

        3079


ans =

        2047


ans =

        5327


ans =

        2438


ans =

        2822


ans =

        4935


ans =

        3493


ans =

        4530


ans =

        3903


ans =

        5515


ans =

        5133


ans =

        4733


ans =

        4106


ans =

        4318


ans =

        3698


ans =

        2631


ans =

        5326


ans =

        3289


ans =

        2244


ans =

        3078


ans =

        4934


ans =

        2821


ans =

        3492


ans =

        5514


ans =

        2437


ans =

        5132


ans =

        4529


ans =

        3902


ans =

        4732


ans =

        2046


ans =

        4317


ans =

        4105


ans =

        5325


ans =

        3697


ans =

        3077


ans =

        3288


ans =

        2630


ans =

        4933


ans =

        3491


ans =

        2243


ans =

        5513


ans =

        5131


ans =

        2820


ans =

        3901


ans =

        4731


ans =

        4528


ans =

        4316


ans =

        4104


ans =

        5324


ans =

        2436


ans =

        3076


ans =

        3696


ans =

        3287


ans =

        2629


ans =

        5130


ans =

        5512


ans =

        2045


ans =

        3490


ans =

        4932


ans =

        3900


ans =

        4730


ans =

        4315


ans =

        5323


ans =

        2819


ans =

        4527


ans =

        4103


ans =

        2242


ans =

        3075


ans =

        3286


ans =

        3695


ans =

        2435


ans =

        5129


ans =

        5511


ans =

        3489


ans =

        4931


ans =

        2628


ans =

        3899


ans =

        4314


ans =

        4729


ans =

        5322


ans =

        4102


ans =

        3074


ans =

        4526


ans =

        2818


ans =

        3285


ans =

        2044


ans =

        5128


ans =

        3694


ans =

        5510


ans =

        2241


ans =

        3488


ans =

        4930


ans =

        2434


ans =

        4313


ans =

        3898


ans =

        5321


ans =

        4101


ans =

        4728


ans =

        2627


ans =

        3073


ans =

        4525


ans =

        3284


ans =

        5127


ans =

        5509


ans =

        2817


ans =

        3693


ans =

        3487


ans =

        4929


ans =

        4312


ans =

        3897


ans =

        5320


ans =

        4100


ans =

        4727


ans =

        2043


ans =

        3072


ans =

        2240


ans =

        2433


ans =

        5508


ans =

        5126


ans =

        2626


ans =

        4524


ans =

        3283


ans =

        2816


ans =

        3692


ans =

        3486


ans =

        4311


ans =

        3896


ans =

        4928


ans =

        5319


ans =

        4099


ans =

        4726


ans =

        3071


ans =

        5125


ans =

        5507


ans =

        3282


ans =

        4523


ans =

        2625


ans =

        2239


ans =

        3691


ans =

        2432


ans =

        2042


ans =

        3485


ans =

        4310


ans =

        2815


ans =

        5318


ans =

        3895


ans =

        4098


ans =

        4927


ans =

        4725


ans =

        5124


ans =

        3070


ans =

        5506


ans =

        3281


ans =

        4522


ans =

        3690


ans =

        5317


ans =

        3484


ans =

        4309


ans =

        3894


ans =

        2624


ans =

        4097


ans =

        2814


ans =

        5123


ans =

        5505


ans =

        2363


ans =

        4926


ans =

        4724


ans =

        3069


ans =

        2238


ans =

        3280


ans =

        2041


ans =

        5316


ans =

        4521


ans =

        3689


ans =

        3893


ans =

        3483


ans =

        4308


ans =

        4096


ans =

        5504


ans =

        5122


ans =

        4925


ans =

        2623


ans =

        4723


ans =

        3068


ans =

        2813


ans =

        3279


ans =

        2362


ans =

        5315


ans =

        2237


ans =

        4520


ans =

        3688


ans =

        3892


ans =

        5121


ans =

        5503


ans =

        3482


ans =

        4307


ans =

        4095


ans =

        4924


ans =

        3067


ans =

        2040


ans =

        4722


ans =

        2812


ans =

        3278


ans =

        2622


ans =

        5314


ans =

        5120


ans =

        5502


ans =

        3891


ans =

        3687


ans =

        3481


ans =

        4094


ans =

        4519


ans =

        4306


ans =

        2361


ans =

        4923


ans =

        3066


ans =

        2236


ans =

        4721


ans =

        3277


ans =

        5313


ans =

        5119


ans =

        2811


ans =

        5501


ans =

        2621


ans =

        3890


ans =

        4093


ans =

        3480


ans =

        3686


ans =

        2039


ans =

        4305


ans =

        4518


ans =

        4922


ans =

        3065


ans =

        4720


ans =

        5312


ans =

        5118


ans =

        3276


ans =

        5500


ans =

        2360


ans =

        2235


ans =

        3889


ans =

        4092


ans =

        2810


ans =

        3479


ans =

        3685


ans =

        2620


ans =

        4304


ans =

        4517


ans =

        4921


ans =

        3064


ans =

        4719


ans =

        5311


ans =

        5117


ans =

        3275


ans =

        3888


ans =

        2038


ans =

        4091


ans =

        3684


ans =

        3478


ans =

        2809


ans =

        4303


ans =

        2234


ans =

        4920


ans =

        2359


ans =

        3063


ans =

        2619


ans =

        5310


ans =

        4516


ans =

        5116


ans =

        4718


ans =

        3887


ans =

        3274


ans =

        4090


ans =

        3683


ans =

        4302


ans =

        4919


ans =

        3477


ans =

        5309


ans =

        3062


ans =

        5115


ans =

        2808


ans =

        4515


ans =

        4717


ans =

        2037


ans =

        2574


ans =

        2233


ans =

        2358


ans =

        3886


ans =

        3273


ans =

        4089


ans =

        3682


ans =

        4301


ans =

        4918


ans =

        5308


ans =

        5114


ans =

        3061


ans =

        3476


ans =

        2807


ans =

        4514


ans =

        4716


ans =

        3885


ans =

        3272


ans =

        4088


ans =

        5307


ans =

        4917


ans =

        2573


ans =

        3681


ans =

        2232


ans =

        4300


ans =

        5113


ans =

        2357


ans =

        2036


ans =

        3060


ans =

        3475


ans =

        4715


ans =

        4513


ans =

        2806


ans =

        3271


ans =

        3884


ans =

        4087


ans =

        5306


ans =

        4916


ans =

        4299


ans =

        5112


ans =

        3680


ans =

        3059


ans =

        3474


ans =

        2572


ans =

        2231


ans =

        4714


ans =

        3270


ans =

        4512


ans =

        3883


ans =

        5305


ans =

        4086


ans =

        2356


ans =

        2805


ans =

        5111


ans =

        4915


ans =

        2035


ans =

        4298


ans =

        3679


ans =

        3058


ans =

        3473


ans =

        3269


ans =

        5304


ans =

        4713


ans =

        3882


ans =

        4085


ans =

        4511


ans =

        2571


ans =

        5110


ans =

        4914


ans =

        2230


ans =

        4297


ans =

        2804


ans =

        3678


ans =

        3057


ans =

        2355


ans =

        3472


ans =

        5303


ans =

        3268


ans =

        4084


ans =

        4712


ans =

        3881


ans =

        2034


ans =

        4913


ans =

        4510


ans =

        5109


ans =

        4296


ans =

        3677


ans =

        3056


ans =

        2803


ans =

        2570


ans =

        5302


ans =

        2229


ans =

        3471


ans =

        3267


ans =

        4083


ans =

        4711


ans =

        3880


ans =

        4912


ans =

        4295


ans =

        5108


ans =

        4509


ans =

        2354


ans =

        3676


ans =

        3055


ans =

        5301


ans =

        2033


ans =

        2802


ans =

        3470


ans =

        4082


ans =

        3266


ans =

        3879


ans =

        4710


ans =

        4911


ans =

        2569


ans =

        5107


ans =

        4294


ans =

        2228


ans =

        4508


ans =

        5300


ans =

        3054


ans =

        3675


ans =

        4081


ans =

        3469


ans =

        3265


ans =

        2353


ans =

        4910


ans =

        3878


ans =

        5106


ans =

        2801


ans =

        4709


ans =

        4293


ans =

        4507


ans =

        5299


ans =

        2568


ans =

        2032


ans =

        3053


ans =

        3674


ans =

        2227


ans =

        4080


ans =

        3264


ans =

        4909


ans =

        3468


ans =

        3877


ans =

        5105


ans =

        4708


ans =

        4292


ans =

        2800


ans =

        5298


ans =

        2352


ans =

        4506


ans =

        3052


ans =

        3673


ans =

        4079


ans =

        5104


ans =

        2567


ans =

        4908


ans =

        3263


ans =

        3467


ans =

        3876


ans =

        2226


ans =

        4707


ans =

        4291


ans =

        5297


ans =

        2031


ans =

        2799


ans =

        3051


ans =

        4505


ans =

        4078


ans =

        3672


ans =

        5103


ans =

        4907


ans =

        3875


ans =

        3262


ans =

        3466


ans =

        2351


ans =

        5296


ans =

        4290


ans =

        4706


ans =

        2566


ans =

        3050


ans =

        2225


ans =

        4077


ans =

        4504


ans =

        2798


ans =

        5102


ans =

        3671


ans =

        3874


ans =

        4906


ans =

        3261


ans =

        2030


ans =

        5295


ans =

        3465


ans =

        4289


ans =

        4705


ans =

        3049


ans =

        2350


ans =

        4076


ans =

        5101


ans =

        2565


ans =

        4503


ans =

        3873


ans =

        3670


ans =

        4905


ans =

        5294


ans =

        3260


ans =

        2797


ans =

        2224


ans =

        3464


ans =

        4288


ans =

        4704


ans =

        5100


ans =

        3048


ans =

        4075


ans =

        2029


ans =

        3872


ans =

        4502


ans =

        4904


ans =

        5293


ans =

        3669


ans =

        3259


ans =

        2564


ans =

        3463


ans =

        2796


ans =

        4287


ans =

        2349


ans =

        4703


ans =

        5099


ans =

        3047


ans =

        2223


ans =

        4074


ans =

        3871


ans =

        5292


ans =

        4903


ans =

        4501


ans =

        3668


ans =

        3258


ans =

        4286


ans =

        3462


ans =

        4702


ans =

        5098


ans =

        2028


ans =

        2795


ans =

        3046


ans =

        2563


ans =

        4073


ans =

        3870


ans =

        2348


ans =

        5291


ans =

        4902


ans =

        4500


ans =

        3667


ans =

        2222


ans =

        3257


ans =

        5097


ans =

        4285


ans =

        3461


ans =

        4701


ans =

        3869


ans =

        3045


ans =

        4072


ans =

        2794


ans =

        5290


ans =

        2562


ans =

        4901


ans =

        5096


ans =

        3256


ans =

        3666


ans =

        4499


ans =

        2027


ans =

        4284


ans =

        3460


ans =

        3868


ans =

        4700


ans =

        2347


ans =

        4071


ans =

        3044


ans =

        2221


ans =

        5289


ans =

        2793


ans =

        5095


ans =

        4900


ans =

        3255


ans =

        3665


ans =

        4498


ans =

        4283


ans =

        3867


ans =

        3459


ans =

        2561


ans =

        4699


ans =

        4070


ans =

        3043


ans =

        5288


ans =

        5094


ans =

        2026


ans =

        4899


ans =

        2346


ans =

        3254


ans =

        2792


ans =

        4497


ans =

        3664


ans =

        2220


ans =

        4282


ans =

        3866


ans =

        3458


ans =

        4698


ans =

        4069


ans =

        5093


ans =

        5287


ans =

        3042


ans =

        2560


ans =

        4898


ans =

        3253


ans =

        4496


ans =

        3663


ans =

        2791


ans =

        4281


ans =

        3865


ans =

        5092


ans =

        3457


ans =

        2025


ans =

        4697


ans =

        4068


ans =

        5286


ans =

        2345


ans =

        3041


ans =

        2219


ans =

        4897


ans =

        3252


ans =

        2559


ans =

        3662


ans =

        4495


ans =

        4280


ans =

        5091


ans =

        3864


ans =

        5285


ans =

        4696


ans =

        3456


ans =

        4067


ans =

        2790


ans =

        3040


ans =

        4896


ans =

        2344


ans =

        3251


ans =

        2024


ans =

        5090


ans =

        4279


ans =

        5284


ans =

        3661


ans =

        3863


ans =

        2218


ans =

        4494


ans =

        4066


ans =

        4695


ans =

        3455


ans =

        2558


ans =

        2789


ans =

        3039


ans =

        4895


ans =

        5089


ans =

        3250


ans =

        5283


ans =

        4278


ans =

        3862


ans =

        3660


ans =

        4065


ans =

        4493


ans =

        4694


ans =

        3454


ans =

        2343


ans =

        3038


ans =

        5088


ans =

        2023


ans =

        2788


ans =

        4894


ans =

        2217


ans =

        2557


ans =

        5282


ans =

        3249


ans =

        4277


ans =

        3861


ans =

        4064


ans =

        3659


ans =

        4492


ans =

        3453


ans =

        4693


ans =

        5087


ans =

        3037


ans =

        4893


ans =

        5281


ans =

        2787


ans =

        3248


ans =

        4276


ans =

        2342


ans =

        3860


ans =

        4063


ans =

        2556


ans =

        5086


ans =

        3658


ans =

        4692


ans =

        4491


ans =

        3452


ans =

        2022


ans =

        2216


ans =

        5280


ans =

        3036


ans =

        4892


ans =

        4275


ans =

        3247


ans =

        3859


ans =

        2786


ans =

        4062


ans =

        5085


ans =

        4490


ans =

        4691


ans =

        3657


ans =

        3451


ans =

        5279


ans =

        2341


ans =

        2555


ans =

        4891


ans =

        3035


ans =

        4274


ans =

        3246


ans =

        2215


ans =

        3858


ans =

        2021


ans =

        5084


ans =

        4061


ans =

        2785


ans =

        4690


ans =

        3656


ans =

        5278


ans =

        3450


ans =

        4489


ans =

        4890


ans =

        3034


ans =

        4273


ans =

        3245


ans =

        3857


ans =

        2554


ans =

        5083


ans =

        4060


ans =

        2340


ans =

        5277


ans =

        4689


ans =

        3655


ans =

        3449


ans =

        4488


ans =

        2784


ans =

        4889


ans =

        2214


ans =

        3033


ans =

        2020


ans =

        4272


ans =

        5082


ans =

        3856


ans =

        3244


ans =

        4059


ans =

        5276


ans =

        4688


ans =

        3654


ans =

        2553


ans =

        3448


ans =

        4487


ans =

        4888


ans =

        3032


ans =

        2783


ans =

        4271


ans =

        5081


ans =

        2339


ans =

        3855


ans =

        3243


ans =

        5275


ans =

        4058


ans =

        2213


ans =

        4687


ans =

        3653


ans =

        2019


ans =

        3447


ans =

        4486


ans =

        4887


ans =

        3031


ans =

        5080


ans =

        4270


ans =

        2552


ans =

        3854


ans =

        5274


ans =

        2782


ans =

        3242


ans =

        4057


ans =

        4686


ans =

        3652


ans =

        3446


ans =

        2338


ans =

        4485


ans =

        4886


ans =

        5079


ans =

        3030


ans =

        4269


ans =

        5273


ans =

        3853


ans =

        2212


ans =

        4056


ans =

        3241


ans =

        2781


ans =

        2018


ans =

        2551


ans =

        4685


ans =

        3445


ans =

        4885


ans =

        3651


ans =

        4484


ans =

        5078


ans =

        5272


ans =

        3029


ans =

        4268


ans =

        3852


ans =

        4055


ans =

        2337


ans =

        3240


ans =

        4684


ans =

        2780


ans =

        2211


ans =

        5271


ans =

        5077


ans =

        4884


ans =

        3444


ans =

        4483


ans =

        3650


ans =

        2550


ans =

        4267


ans =

        3028


ans =

        3851


ans =

        2017


ans =

        4054


ans =

        4683


ans =

        3239


ans =

        5270


ans =

        5076


ans =

        4883


ans =

        3649


ans =

        2779


ans =

        4482


ans =

        3443


ans =

        4266


ans =

        3027


ans =

        2336


ans =

        3850


ans =

        2210


ans =

        4053


ans =

        2549


ans =

        4682


ans =

        3238


ans =

        5269


ans =

        5075


ans =

        4265


ans =

        3648


ans =

        4882


ans =

        2016


ans =

        3442


ans =

        4481


ans =

        3026


ans =

        3849


ans =

        2778


ans =

        4052


ans =

        4681


ans =

        5268


ans =

        2335


ans =

        3237


ans =

        5074


ans =

        4264


ans =

        2548


ans =

        4881


ans =

        3848


ans =

        3647


ans =

        2209


ans =

        3441


ans =

        3025


ans =

        4480


ans =

        2777


ans =

        5267


ans =

        4051


ans =

        4680


ans =

        5073


ans =

        3236


ans =

        2015


ans =

        4263


ans =

        3847


ans =

        4880


ans =

        3024


ans =

        3646


ans =

        3440


ans =

        4479


ans =

        2334


ans =

        2547


ans =

        4050


ans =

        5266


ans =

        5072


ans =

        2208


ans =

        2776


ans =

        3235


ans =

        4679


ans =

        4262


ans =

        3846


ans =

        3023


ans =

        4879


ans =

        3645


ans =

        3439


ans =

        4478


ans =

        2014


ans =

        5265


ans =

        4049


ans =

        5071


ans =

        2546


ans =

        4261


ans =

        4678


ans =

        3234


ans =

        2333


ans =

        2775


ans =

        3022


ans =

        3845


ans =

        4878


ans =

        3644


ans =

        3438


ans =

        2207


ans =

        4477


ans =

        5264


ans =

        5070


ans =

        4048


ans =

        4260


ans =

        3021


ans =

        3233


ans =

        4677


ans =

        3844


ans =

        4877


ans =

        2013


ans =

        3643


ans =

        2545


ans =

        5263


ans =

        2774


ans =

        3437


ans =

        4476


ans =

        5069


ans =

        2332


ans =

        4047


ans =

        4259


ans =

        3020


ans =

        3232


ans =

        2206


ans =

        3843


ans =

        4676


ans =

        4876


ans =

        3642


ans =

        5262


ans =

        3436


ans =

        5068


ans =

        4475


ans =

        2773


ans =

        4046


ans =

        2544


ans =

        3019


ans =

        4258


ans =

        3842


ans =

        2012


ans =

        3231


ans =

        4675


ans =

        4875


ans =

        2331


ans =

        5261


ans =

        3641


ans =

        5067


ans =

        3435


ans =

        4474


ans =

        2205


ans =

        4045


ans =

        3018


ans =

        2772


ans =

        3841


ans =

        4257


ans =

        3230


ans =

        5260


ans =

        2543


ans =

        4674


ans =

        4874


ans =

        3640


ans =

        5066


ans =

        3434


ans =

        4473


ans =

        2011


ans =

        4044


ans =

        3017


ans =

        2330


ans =

        3840


ans =

        4256


ans =

        5259


ans =

        3229


ans =

        4673


ans =

        2771


ans =

        4873


ans =

        2204


ans =

        5065


ans =

        3639


ans =

        2542


ans =

        3433


ans =

        3016


ans =

        4043


ans =

        4472


ans =

        3839


ans =

        5258


ans =

        4255


ans =

        5064


ans =

        4872


ans =

        4672


ans =

        3228


ans =

        2010


ans =

        3638


ans =

        2770


ans =

        3015


ans =

        3432


ans =

        4042


ans =

        5257


ans =

        3838


ans =

        4471


ans =

        2203


ans =

        2541


ans =

        4254


ans =

        5063


ans =

        4671


ans =

        3227


ans =

        4871


ans =

        3637


ans =

        3014


ans =

        2769


ans =

        3431


ans =

        5256


ans =

        4041


ans =

        3837


ans =

        4470


ans =

        4253


ans =

        5062


ans =

        2009


ans =

        4670


ans =

        3226


ans =

        4870


ans =

        2540


ans =

        3636


ans =

        2202


ans =

        3013


ans =

        5255


ans =

        3430


ans =

        3836


ans =

        4040


ans =

        2768


ans =

        5061


ans =

        4469


ans =

        4252


ans =

        4669


ans =

        3225


ans =

        4869


ans =

        3635


ans =

        3012


ans =

        5254


ans =

        3835


ans =

        2008


ans =

        4039


ans =

        2539


ans =

        3429


ans =

        5060


ans =

        4468


ans =

        4251


ans =

        2201


ans =

        2767


ans =

        4668


ans =

        4868


ans =

        3224


ans =

        3634


ans =

        3011


ans =

        5253


ans =

        4038


ans =

        3834


ans =

        5059


ans =

        3428


ans =

        4467


ans =

        4250


ans =

        4667


ans =

        4867


ans =

        2538


ans =

        3223


ans =

        2766


ans =

        2007


ans =

        5252


ans =

        3633


ans =

        3010


ans =

        4037


ans =

        5058


ans =

        3833


ans =

        2200


ans =

        3427


ans =

        4466


ans =

        4249


ans =

        4666


ans =

        4866


ans =

        3222


ans =

        5251


ans =

        4036


ans =

        2765


ans =

        3632


ans =

        5057


ans =

        3009


ans =

        2537


ans =

        3832


ans =

        4465


ans =

        3426


ans =

        2006


ans =

        3221


ans =

        4248


ans =

        4665


ans =

        4865


ans =

        2199


ans =

        5250


ans =

        4035


ans =

        5056


ans =

        3631


ans =

        3831


ans =

        3008


ans =

        2764


ans =

        4464


ans =

        4664


ans =

        3425


ans =

        4247


ans =

        3220


ans =

        4864


ans =

        5249


ans =

        4034


ans =

        5055


ans =

        3830


ans =

        3630


ans =

        3007


ans =

        2005


ans =

        2763


ans =

        2198


ans =

        4463


ans =

        4663


ans =

        3219


ans =

        4863


ans =

        3424


ans =

        5248


ans =

        4246


ans =

        4033


ans =

        5054


ans =

        3829


ans =

        3629


ans =

        3006


ans =

        3218


ans =

        4462


ans =

        4662


ans =

        2762


ans =

        4862


ans =

        5247


ans =

        4245


ans =

        3423


ans =

        4032


ans =

        5053


ans =

        2004


ans =

        3828


ans =

        2197


ans =

        3628


ans =

        3005


ans =

        3217


ans =

        4461


ans =

        4661


ans =

        4861


ans =

        5246


ans =

        4031


ans =

        4244


ans =

        5052


ans =

        2761


ans =

        3827


ans =

        3422


ans =

        3004


ans =

        3627


ans =

        3216


ans =

        2003


ans =

        4660


ans =

        4460


ans =

        5245


ans =

        4860


ans =

        5051


ans =

        2196


ans =

        4030


ans =

        4243


ans =

        3826


ans =

        3421


ans =

        2760


ans =

        3003


ans =

        3626


ans =

        3215


ans =

        5244


ans =

        4459


ans =

        4659


ans =

        5050


ans =

        4859


ans =

        4029


ans =

        3825


ans =

        4242


ans =

        3420


ans =

        2002


ans =

        2759


ans =

        3002


ans =

        2195


ans =

        3625


ans =

        5243


ans =

        3214


ans =

        5049


ans =

        4458


ans =

        4658


ans =

        4858


ans =

        4028


ans =

        3824


ans =

        4241


ans =

        3419


ans =

        3001


ans =

        5242


ans =

        5048


ans =

        3624


ans =

        2758


ans =

        3213


ans =

        4457


ans =

        4027


ans =

        4657


ans =

        3823


ans =

        4857


ans =

        2001


ans =

        2194


ans =

        4240


ans =

        3000


ans =

        5241


ans =

        3418


ans =

        5047


ans =

        3623


ans =

        4456


ans =

        3212


ans =

        4026


ans =

        2757


ans =

        3822


ans =

        4856


ans =

        4656


ans =

        4239


ans =

        5240


ans =

        5046


ans =

        2999


ans =

        3417


ans =

        2000


ans =

        3622


ans =

        4455


ans =

        2193


ans =

        3821


ans =

        4025


ans =

        4855


ans =

        3211


ans =

        2756


ans =

        4655


ans =

        5239


ans =

        5045


ans =

        4238


ans =

        2998


ans =

        3416


ans =

        3820


ans =

        4454


ans =

        3621


ans =

        4024


ans =

        4854


ans =

        3210


ans =

        4654


ans =

        5044


ans =

        5238


ans =

        2755


ans =

        1999


ans =

        4237


ans =

        2192


ans =

        2997


ans =

        3819


ans =

        4453


ans =

        4853


ans =

        3415


ans =

        3620


ans =

        4023


ans =

        3209


ans =

        5043


ans =

        5237


ans =

        4653


ans =

        4236


ans =

        2754


ans =

        2996


ans =

        3818


ans =

        4852


ans =

        4452


ans =

        4022


ans =

        3619


ans =

        3414


ans =

        1998


ans =

        5042


ans =

        3208


ans =

        5236


ans =

        2191


ans =

        4652


ans =

        4235


ans =

        3817


ans =

        2995


ans =

        2753


ans =

        4851


ans =

        4021


ans =

        4451


ans =

        5041


ans =

        5235


ans =

        3618


ans =

        3413


ans =

        3207


ans =

        4651


ans =

        3816


ans =

        4234


ans =

        1997


ans =

        4850


ans =

        2994


ans =

        5040


ans =

        2752


ans =

        4020


ans =

        2190


ans =

        4450


ans =

        5234


ans =

        3617


ans =

        3412


ans =

        3206


ans =

        4650


ans =

        3815


ans =

        4233


ans =

        4849


ans =

        5039


ans =

        2993


ans =

        4019


ans =

        5233


ans =

        4449


ans =

        2751


ans =

        3616


ans =

        3205


ans =

        3411


ans =

        1996


ans =

        3814


ans =

        4848


ans =

        5038


ans =

        4649


ans =

        2189


ans =

        4232


ans =

        5232


ans =

        2992


ans =

        4018


ans =

        4448


ans =

        3615


ans =

        2750


ans =

        3204


ans =

        3410


ans =

        5037


ans =

        3813


ans =

        4847


ans =

        5231


ans =

        4648


ans =

        4231


ans =

        2991


ans =

        4017


ans =

        1995


ans =

        4447


ans =

        3614


ans =

        3203


ans =

        2188


ans =

        5036


ans =

        3409


ans =

        2749


ans =

        4846


ans =

        3812


ans =

        5230


ans =

        4647


ans =

        4016


ans =

        2990


ans =

        4230


ans =

        4446


ans =

        5035


ans =

        3613


ans =

        3202


ans =

        5229


ans =

        4845


ans =

        3811


ans =

        3408


ans =

        1994


ans =

        2748


ans =

        4015


ans =

        4646


ans =

        2989


ans =

        4229


ans =

        2187


ans =

        5034


ans =

        4445


ans =

        3201


ans =

        3612


ans =

        5228


ans =

        4844


ans =

        3810


ans =

        3407


ans =

        4014


ans =

        4645


ans =

        2988


ans =

        2747


ans =

        4228


ans =

        5033


ans =

        4444


ans =

        1993


ans =

        5227


ans =

        3611


ans =

        3200


ans =

        4843


ans =

        3809


ans =

        2186


ans =

        4013


ans =

        3406


ans =

        4644


ans =

        5032


ans =

        2987


ans =

        4227


ans =

        5226


ans =

        2746


ans =

        4443


ans =

        3610


ans =

        3199


ans =

        4842


ans =

        3808


ans =

        4012


ans =

        5031


ans =

        4643


ans =

        1992


ans =

        2986


ans =

        3405


ans =

        5225


ans =

        4226


ans =

        2185


ans =

        4442


ans =

        3609


ans =

        2745


ans =

        4841


ans =

        3807


ans =

        3198


ans =

        4011


ans =

        5030


ans =

        4642


ans =

        2985


ans =

        4225


ans =

        3404


ans =

        4441


ans =

        4840


ans =

        3608


ans =

        3806


ans =

        1991


ans =

        3197


ans =

        4010


ans =

        2744


ans =

        5029


ans =

        2184


ans =

        4641


ans =

        2984


ans =

        4224


ans =

        3403


ans =

        4440


ans =

        4839


ans =

        3607


ans =

        3805


ans =

        4009


ans =

        5028


ans =

        3196


ans =

        4640


ans =

        2983


ans =

        4223


ans =

        1990


ans =

        4838


ans =

        4439


ans =

        3402


ans =

        3804


ans =

        3606


ans =

        2183


ans =

        5027


ans =

        4008


ans =

        3195


ans =

        4639


ans =

        2982


ans =

        4222


ans =

        4837


ans =

        4438


ans =

        3803


ans =

        5026


ans =

        3605


ans =

        3401


ans =

        4007


ans =

        3194


ans =

        1989


ans =

        4638


ans =

        4836


ans =

        2981


ans =

        4221


ans =

        2182


ans =

        4437


ans =

        3802


ans =

        5025


ans =

        3604


ans =

        4006


ans =

        3400


ans =

        3193


ans =

        4637


ans =

        4835


ans =

        2980


ans =

        4220


ans =

        5024


ans =

        3801


ans =

        4436


ans =

        1988


ans =

        3603


ans =

        4005


ans =

        3192


ans =

        2181


ans =

        3399


ans =

        4636


ans =

        4834


ans =

        4219


ans =

        2979


ans =

        5023


ans =

        4435


ans =

        3800


ans =

        3602


ans =

        4004


ans =

        4833


ans =

        4635


ans =

        3191


ans =

        3398


ans =

        1987


ans =

        5022


ans =

        4218


ans =

        2978


ans =

        4434


ans =

        3799


ans =

        2180


ans =

        3601


ans =

        4003


ans =

        4832


ans =

        4634


ans =

        3190


ans =

        5021


ans =

        3397


ans =

        4217


ans =

        2977


ans =

        3798


ans =

        4433


ans =

        4002


ans =

        3600


ans =

        4831


ans =

        1986


ans =

        4633


ans =

        3189


ans =

        2179


ans =

        3797


ans =

        4216


ans =

        3396


ans =

        4432


ans =

        2976


ans =

        4001


ans =

        4830


ans =

        3599


ans =

        4632


ans =

        3188


ans =

        3796


ans =

        4215


ans =

        4431


ans =

        1985


ans =

        3395


ans =

        2975


ans =

        4829


ans =

        4000


ans =

        3598


ans =

        2178


ans =

        4631


ans =

        3187


ans =

        3795


ans =

        4430


ans =

        4214


ans =

        3394


ans =

        2974


ans =

        4828


ans =

        3999


ans =

        4630


ans =

        3597


ans =

        1984


ans =

        3186


ans =

        3794


ans =

        4429


ans =

        4213


ans =

        2177


ans =

        4827


ans =

        3393


ans =

        2973


ans =

        3998


ans =

        4629


ans =

        3596


ans =

        3185


ans =

        3793


ans =

        4428


ans =

        4826


ans =

        4212


ans =

        3997


ans =

        1983


ans =

        2972


ans =

        3392


ans =

        4628


ans =

        3595


ans =

        2176


ans =

        3184


ans =

        3792


ans =

        4825


ans =

        4427


ans =

        4211


ans =

        3996


ans =

        4627


ans =

        2971


ans =

        3391


ans =

        3594


ans =

        4824


ans =

        3183


ans =

        3791


ans =

        4426


ans =

        1982


ans =

        4210


ans =

        3995


ans =

        4626


ans =

        2175


ans =

        2970


ans =

        3593


ans =

        3390


ans =

        4823


ans =

        3790


ans =

        3182


ans =

        4425


ans =

        4209


ans =

        3994


ans =

        4625


ans =

        2969


ans =

        3592


ans =

        1981


ans =

        4822


ans =

        3389


ans =

        3789


ans =

        3181


ans =

        4424


ans =

        2174


ans =

        4208


ans =

        3993


ans =

        4624


ans =

        4821


ans =

        2968


ans =

        3591


ans =

        3788


ans =

        3388


ans =

        3180


ans =

        4423


ans =

        4207


ans =

        3992


ans =

        4623


ans =

        1980


ans =

        4820


ans =

        2173


ans =

        3590


ans =

        2967


ans =

        3787


ans =

        3179


ans =

        3387


ans =

        4422


ans =

        4206


ans =

        4622


ans =

        3991


ans =

        4819


ans =

        3589


ans =

        2966


ans =

        3786


ans =

        1979


ans =

        3178


ans =

        4421


ans =

        4205


ans =

        3990


ans =

        3386


ans =

        4621


ans =

        2172


ans =

        4818


ans =

        3588


ans =

        2965


ans =

        3785


ans =

        3177


ans =

        3989


ans =

        4420


ans =

        4620


ans =

        4204


ans =

        3385


ans =

        4817


ans =

        1978


ans =

        3587


ans =

        3784


ans =

        2964


ans =

        2171


ans =

        3176


ans =

        3988


ans =

        4203


ans =

        4419


ans =

        4619


ans =

        3384


ans =

        4816


ans =

        3586


ans =

        3783


ans =

        2963


ans =

        3175


ans =

        3987


ans =

        4202


ans =

        4618


ans =

        4418


ans =

        1977


ans =

        4815


ans =

        3383


ans =

        2170


ans =

        3782


ans =

        3585


ans =

        3986


ans =

        2962


ans =

        3174


ans =

        4201


ans =

        4617


ans =

        4417


ans =

        4814


ans =

        3382


ans =

        3781


ans =

        1976


ans =

        3584


ans =

        4200


ans =

        3173


ans =

        2961


ans =

        4416


ans =

        4616


ans =

        2169


ans =

        3381


ans =

        3780


ans =

        4199


ans =

        3583


ans =

        3172


ans =

        4415


ans =

        2960


ans =

        4615


ans =

        1975


ans =

        3380


ans =

        3779


ans =

        2168


ans =

        4198


ans =

        3171


ans =

        3582


ans =

        4414


ans =

        2959


ans =

        4614


ans =

        3379


ans =

        4197


ans =

        3170


ans =

        1974


ans =

        4413


ans =

        3581


ans =

        4613


ans =

        2958


ans =

        2167


ans =

        3378


ans =

        4412


ans =

        3169


ans =

        4196


ans =

        4612


ans =

        3580


ans =

        2957


ans =

        1973


ans =

        4411


ans =

        3377


ans =

        3168


ans =

        4611


ans =

        4195


ans =

        2166


ans =

        3579


ans =

        2956


ans =

        4410


ans =

        3376


ans =

        3167


ans =

        4194


ans =

        4610


ans =

        1972


ans =

        3578


ans =

        2165


ans =

        4409


ans =

        3166


ans =

        3375


ans =

        4193


ans =

        4609


ans =

        3577


ans =

        1971


ans =

        4408


ans =

        3165


ans =

        3374


ans =

        4608


ans =

        2164


ans =

        3576


ans =

        4407


ans =

        3164


ans =

        4607


ans =

        3373


ans =

        3575


ans =

        1970


ans =

        2163


ans =

        4406


ans =

        3163


ans =

        3574


ans =

        3372


ans =

        4405


ans =

        1969


ans =

        3162


ans =

        3573


ans =

        2162


ans =

        3371


ans =

        4404


ans =

        3161


ans =

        3572


ans =

        3370


ans =

        1968


ans =

        4403


ans =

        2161


ans =

        3160


ans =

        4402


ans =

        3369


ans =

        3159


ans =

        1967


ans =

        4401


ans =

        2160


ans =

        3368


ans =

        3158


ans =

        4400


ans =

        1966


ans =

        3367


ans =

        2159


ans =

        3366


ans =

        1965


ans =

        2158


ans =

        3365


ans =

        1964


ans =

        2157


ans =

        1963


ans =

        2156


ans =

        1962


ans =

        2155


ans =

        1961


ans =

        2154


ans =

        1960


ans =

        2153


ans =

        1959


ans =

        2152


ans =

        1958


ans =

        2151


ans =

        1957


ans =

        2150


ans =

        1956


ans =

        2149


ans =

        1955


ans =

        2148


ans =

        1954


ans =

        2147


ans =

        1953


ans =

        2146


ans =

        1952


ans =

        2145


ans =

        1951


ans =

        2144


ans =

        1950


ans =

        2143


ans =

        1949


ans =

        2142


ans =

        1948


ans =

        2141


ans =

        1947


ans =

        2140


ans =

        1946


ans =

        2139


ans =

        1945


ans =

        2138


ans =

        1944


ans =

        2137


ans =

        1943


ans =

        2136


ans =

        1942


ans =

        2135


ans =

        1941


ans =

        2134


ans =

        1940


ans =

        2133


ans =

        1939


ans =

        2132


ans =

        1938


ans =

        2131


ans =

        1937


ans =

        2130


ans =

        1936


ans =

        2129


ans =

        1935


ans =

        2128


ans =

        1934


ans =

        2127


ans =

        1933


ans =

        2126


ans =

        1932


ans =

        2125


ans =

        1931


ans =

        2124


ans =

        1930


ans =

        2123


ans =

        1929


ans =

        1928


ans =

        1927


ans =

        1926


ans =

        1925


ans =

        1924


ans =

        1923


ans =

        1922


ans =

        1921


ans =

        1920


ans =

        1919


ans =

        1918


ans =

        1917


ans =

        1916

